[2026-03-05T03:53:55.197+0000] {local_task_job_runner.py:120} INFO - ::group::Pre task execution logs
[2026-03-05T03:53:55.318+0000] {taskinstance.py:2076} INFO - Dependencies all met for dep_context=non-requeueable deps ti=<TaskInstance: etl_geocode.geocode_etl_task manual__2026-03-05T03:53:51.979929+00:00 [queued]>
[2026-03-05T03:53:55.338+0000] {taskinstance.py:2076} INFO - Dependencies all met for dep_context=requeueable deps ti=<TaskInstance: etl_geocode.geocode_etl_task manual__2026-03-05T03:53:51.979929+00:00 [queued]>
[2026-03-05T03:53:55.343+0000] {taskinstance.py:2306} INFO - Starting attempt 1 of 2
[2026-03-05T03:53:55.376+0000] {taskinstance.py:2330} INFO - Executing <Task(PythonOperator): geocode_etl_task> on 2026-03-05 03:53:51.979929+00:00
[2026-03-05T03:53:55.395+0000] {standard_task_runner.py:63} INFO - Started process 669 to run task
[2026-03-05T03:53:55.408+0000] {standard_task_runner.py:90} INFO - Running: ['***', 'tasks', 'run', 'etl_geocode', 'geocode_etl_task', 'manual__2026-03-05T03:53:51.979929+00:00', '--job-id', '6', '--raw', '--subdir', 'DAGS_FOLDER/etl_geocode.py', '--cfg-path', '/tmp/tmpphdjp7s3']
[2026-03-05T03:53:55.416+0000] {standard_task_runner.py:91} INFO - Job 6: Subtask geocode_etl_task
[2026-03-05T03:53:55.581+0000] {task_command.py:426} INFO - Running <TaskInstance: etl_geocode.geocode_etl_task manual__2026-03-05T03:53:51.979929+00:00 [running]> on host 9f88f0c31a36
[2026-03-05T03:53:55.916+0000] {taskinstance.py:2648} INFO - Exporting env vars: AIRFLOW_CTX_DAG_OWNER='***' AIRFLOW_CTX_DAG_ID='etl_geocode' AIRFLOW_CTX_TASK_ID='geocode_etl_task' AIRFLOW_CTX_EXECUTION_DATE='2026-03-05T03:53:51.979929+00:00' AIRFLOW_CTX_TRY_NUMBER='1' AIRFLOW_CTX_DAG_RUN_ID='manual__2026-03-05T03:53:51.979929+00:00'
[2026-03-05T03:53:55.919+0000] {taskinstance.py:430} INFO - ::endgroup::
[2026-03-05T03:53:56.097+0000] {logging_mixin.py:188} INFO - DEBUG: API Key yang terbaca adalah: None
[2026-03-05T03:53:56.099+0000] {logging_mixin.py:188} INFO - Memulai ekstraksi data...
[2026-03-05T03:53:56.104+0000] {logging_mixin.py:188} INFO - <generator object read_json at 0x7fd8697edcb0>
[2026-03-05T03:53:56.109+0000] {logging_mixin.py:188} INFO - Memulai proses enrichment (Geocoding)...
[2026-03-05T03:53:56.111+0000] {logging_mixin.py:188} INFO - <generator object transform at 0x7fd8697edd20>
[2026-03-05T03:53:56.115+0000] {logging_mixin.py:188} INFO - Menulis hasil ke /opt/***/data/int_test_output/enriched_output.json...
[2026-03-05T03:53:56.666+0000] {logging_mixin.py:188} INFO - Error geocoding Bahnhofquai 8: 401 Client Error: Unauthorized for url: https://us1.locationiq.com/v1/search?q=Bahnhofquai+8&format=json
[2026-03-05T03:53:56.667+0000] {logging_mixin.py:188} INFO - Retrying (1/3) in 20 seconds...
[2026-03-05T03:54:17.094+0000] {logging_mixin.py:188} INFO - Error geocoding Bahnhofquai 8: 401 Client Error: Unauthorized for url: https://us1.locationiq.com/v1/search?q=Bahnhofquai+8&format=json
[2026-03-05T03:54:17.096+0000] {logging_mixin.py:188} INFO - Retrying (2/3) in 20 seconds...
[2026-03-05T03:54:37.473+0000] {logging_mixin.py:188} INFO - Error geocoding Bahnhofquai 8: 401 Client Error: Unauthorized for url: https://us1.locationiq.com/v1/search?q=Bahnhofquai+8&format=json
[2026-03-05T03:54:37.474+0000] {logging_mixin.py:188} INFO - Retrying (3/3) in 20 seconds...
[2026-03-05T03:54:57.842+0000] {logging_mixin.py:188} INFO - Error geocoding Via San Gottardo 39: 401 Client Error: Unauthorized for url: https://us1.locationiq.com/v1/search?q=Via+San+Gottardo+39&format=json
[2026-03-05T03:54:57.843+0000] {logging_mixin.py:188} INFO - Retrying (1/3) in 20 seconds...
[2026-03-05T03:55:18.226+0000] {logging_mixin.py:188} INFO - Error geocoding Via San Gottardo 39: 401 Client Error: Unauthorized for url: https://us1.locationiq.com/v1/search?q=Via+San+Gottardo+39&format=json
[2026-03-05T03:55:18.227+0000] {logging_mixin.py:188} INFO - Retrying (2/3) in 20 seconds...
[2026-03-05T03:55:38.618+0000] {logging_mixin.py:188} INFO - Error geocoding Via San Gottardo 39: 401 Client Error: Unauthorized for url: https://us1.locationiq.com/v1/search?q=Via+San+Gottardo+39&format=json
[2026-03-05T03:55:38.621+0000] {logging_mixin.py:188} INFO - Retrying (3/3) in 20 seconds...
[2026-03-05T03:55:58.642+0000] {logging_mixin.py:188} INFO - ETL Selesai.
[2026-03-05T03:55:58.644+0000] {python.py:237} INFO - Done. Returned value was: None
[2026-03-05T03:55:58.649+0000] {taskinstance.py:441} INFO - ::group::Post task execution logs
[2026-03-05T03:55:58.691+0000] {taskinstance.py:1206} INFO - Marking task as SUCCESS. dag_id=etl_geocode, task_id=geocode_etl_task, run_id=manual__2026-03-05T03:53:51.979929+00:00, execution_date=20260305T035351, start_date=20260305T035355, end_date=20260305T035558
[2026-03-05T03:55:58.748+0000] {local_task_job_runner.py:240} INFO - Task exited with return code 0
[2026-03-05T03:55:58.777+0000] {taskinstance.py:3498} INFO - 0 downstream tasks scheduled from follow-on schedule check
[2026-03-05T03:55:58.782+0000] {local_task_job_runner.py:222} INFO - ::endgroup::
