[2026-03-05T03:49:24.440+0000] {local_task_job_runner.py:120} INFO - ::group::Pre task execution logs
[2026-03-05T03:49:24.591+0000] {taskinstance.py:2076} INFO - Dependencies all met for dep_context=non-requeueable deps ti=<TaskInstance: etl_geocode.geocode_etl_task manual__2026-03-05T03:49:20.371682+00:00 [queued]>
[2026-03-05T03:49:24.614+0000] {taskinstance.py:2076} INFO - Dependencies all met for dep_context=requeueable deps ti=<TaskInstance: etl_geocode.geocode_etl_task manual__2026-03-05T03:49:20.371682+00:00 [queued]>
[2026-03-05T03:49:24.616+0000] {taskinstance.py:2306} INFO - Starting attempt 1 of 2
[2026-03-05T03:49:24.652+0000] {taskinstance.py:2330} INFO - Executing <Task(PythonOperator): geocode_etl_task> on 2026-03-05 03:49:20.371682+00:00
[2026-03-05T03:49:24.666+0000] {standard_task_runner.py:63} INFO - Started process 625 to run task
[2026-03-05T03:49:24.671+0000] {standard_task_runner.py:90} INFO - Running: ['***', 'tasks', 'run', 'etl_geocode', 'geocode_etl_task', 'manual__2026-03-05T03:49:20.371682+00:00', '--job-id', '5', '--raw', '--subdir', 'DAGS_FOLDER/etl_geocode.py', '--cfg-path', '/tmp/tmpk7z2opfi']
[2026-03-05T03:49:24.673+0000] {standard_task_runner.py:91} INFO - Job 5: Subtask geocode_etl_task
[2026-03-05T03:49:24.758+0000] {task_command.py:426} INFO - Running <TaskInstance: etl_geocode.geocode_etl_task manual__2026-03-05T03:49:20.371682+00:00 [running]> on host 9f88f0c31a36
[2026-03-05T03:49:25.029+0000] {taskinstance.py:2648} INFO - Exporting env vars: AIRFLOW_CTX_DAG_OWNER='***' AIRFLOW_CTX_DAG_ID='etl_geocode' AIRFLOW_CTX_TASK_ID='geocode_etl_task' AIRFLOW_CTX_EXECUTION_DATE='2026-03-05T03:49:20.371682+00:00' AIRFLOW_CTX_TRY_NUMBER='1' AIRFLOW_CTX_DAG_RUN_ID='manual__2026-03-05T03:49:20.371682+00:00'
[2026-03-05T03:49:25.031+0000] {taskinstance.py:430} INFO - ::endgroup::
[2026-03-05T03:49:25.104+0000] {logging_mixin.py:188} INFO - DEBUG: API Key yang terbaca adalah: None
[2026-03-05T03:49:25.105+0000] {logging_mixin.py:188} INFO - Memulai ekstraksi data...
[2026-03-05T03:49:25.106+0000] {logging_mixin.py:188} INFO - <generator object read_json at 0x7fd8697edcb0>
[2026-03-05T03:49:25.106+0000] {logging_mixin.py:188} INFO - Memulai proses enrichment (Geocoding)...
[2026-03-05T03:49:25.107+0000] {logging_mixin.py:188} INFO - <generator object transform at 0x7fd8697edd20>
[2026-03-05T03:49:25.108+0000] {logging_mixin.py:188} INFO - Menulis hasil ke /opt/***/data/int_test_output/enriched_output.json...
[2026-03-05T03:49:26.276+0000] {logging_mixin.py:188} INFO - Error geocoding Bahnhofquai 8: 401 Client Error: Unauthorized for url: https://us1.locationiq.com/v1/search?q=Bahnhofquai+8&format=json
[2026-03-05T03:49:26.277+0000] {logging_mixin.py:188} INFO - Retrying (1/3) in 20 seconds...
[2026-03-05T03:49:47.931+0000] {logging_mixin.py:188} INFO - Error geocoding Bahnhofquai 8: 401 Client Error: Unauthorized for url: https://us1.locationiq.com/v1/search?q=Bahnhofquai+8&format=json
[2026-03-05T03:49:47.936+0000] {logging_mixin.py:188} INFO - Retrying (2/3) in 20 seconds...
[2026-03-05T03:50:08.359+0000] {logging_mixin.py:188} INFO - Error geocoding Bahnhofquai 8: 401 Client Error: Unauthorized for url: https://us1.locationiq.com/v1/search?q=Bahnhofquai+8&format=json
[2026-03-05T03:50:08.361+0000] {logging_mixin.py:188} INFO - Retrying (3/3) in 20 seconds...
[2026-03-05T03:50:29.063+0000] {logging_mixin.py:188} INFO - Error geocoding Via San Gottardo 39: 401 Client Error: Unauthorized for url: https://us1.locationiq.com/v1/search?q=Via+San+Gottardo+39&format=json
[2026-03-05T03:50:29.065+0000] {logging_mixin.py:188} INFO - Retrying (1/3) in 20 seconds...
[2026-03-05T03:50:49.482+0000] {logging_mixin.py:188} INFO - Error geocoding Via San Gottardo 39: 401 Client Error: Unauthorized for url: https://us1.locationiq.com/v1/search?q=Via+San+Gottardo+39&format=json
[2026-03-05T03:50:49.483+0000] {logging_mixin.py:188} INFO - Retrying (2/3) in 20 seconds...
[2026-03-05T03:51:09.936+0000] {logging_mixin.py:188} INFO - Error geocoding Via San Gottardo 39: 401 Client Error: Unauthorized for url: https://us1.locationiq.com/v1/search?q=Via+San+Gottardo+39&format=json
[2026-03-05T03:51:09.938+0000] {logging_mixin.py:188} INFO - Retrying (3/3) in 20 seconds...
[2026-03-05T03:51:29.961+0000] {logging_mixin.py:188} INFO - ETL Selesai.
[2026-03-05T03:51:29.964+0000] {python.py:237} INFO - Done. Returned value was: None
[2026-03-05T03:51:29.972+0000] {taskinstance.py:441} INFO - ::group::Post task execution logs
[2026-03-05T03:51:30.041+0000] {taskinstance.py:1206} INFO - Marking task as SUCCESS. dag_id=etl_geocode, task_id=geocode_etl_task, run_id=manual__2026-03-05T03:49:20.371682+00:00, execution_date=20260305T034920, start_date=20260305T034924, end_date=20260305T035130
[2026-03-05T03:51:30.113+0000] {local_task_job_runner.py:240} INFO - Task exited with return code 0
[2026-03-05T03:51:30.155+0000] {taskinstance.py:3498} INFO - 0 downstream tasks scheduled from follow-on schedule check
[2026-03-05T03:51:30.162+0000] {local_task_job_runner.py:222} INFO - ::endgroup::
