[2026-03-05T03:31:55.389+0000] {local_task_job_runner.py:120} INFO - ::group::Pre task execution logs
[2026-03-05T03:31:55.527+0000] {taskinstance.py:2076} INFO - Dependencies all met for dep_context=non-requeueable deps ti=<TaskInstance: etl_geocode.geocode_etl_task manual__2026-03-05T03:31:51.931034+00:00 [queued]>
[2026-03-05T03:31:55.546+0000] {taskinstance.py:2076} INFO - Dependencies all met for dep_context=requeueable deps ti=<TaskInstance: etl_geocode.geocode_etl_task manual__2026-03-05T03:31:51.931034+00:00 [queued]>
[2026-03-05T03:31:55.547+0000] {taskinstance.py:2306} INFO - Starting attempt 1 of 2
[2026-03-05T03:31:55.582+0000] {taskinstance.py:2330} INFO - Executing <Task(PythonOperator): geocode_etl_task> on 2026-03-05 03:31:51.931034+00:00
[2026-03-05T03:31:55.619+0000] {standard_task_runner.py:63} INFO - Started process 453 to run task
[2026-03-05T03:31:55.629+0000] {standard_task_runner.py:90} INFO - Running: ['***', 'tasks', 'run', 'etl_geocode', 'geocode_etl_task', 'manual__2026-03-05T03:31:51.931034+00:00', '--job-id', '3', '--raw', '--subdir', 'DAGS_FOLDER/etl_geocode.py', '--cfg-path', '/tmp/tmp9bagdc9w']
[2026-03-05T03:31:55.636+0000] {standard_task_runner.py:91} INFO - Job 3: Subtask geocode_etl_task
[2026-03-05T03:31:55.884+0000] {task_command.py:426} INFO - Running <TaskInstance: etl_geocode.geocode_etl_task manual__2026-03-05T03:31:51.931034+00:00 [running]> on host 9f88f0c31a36
[2026-03-05T03:31:56.110+0000] {taskinstance.py:2648} INFO - Exporting env vars: AIRFLOW_CTX_DAG_OWNER='***' AIRFLOW_CTX_DAG_ID='etl_geocode' AIRFLOW_CTX_TASK_ID='geocode_etl_task' AIRFLOW_CTX_EXECUTION_DATE='2026-03-05T03:31:51.931034+00:00' AIRFLOW_CTX_TRY_NUMBER='1' AIRFLOW_CTX_DAG_RUN_ID='manual__2026-03-05T03:31:51.931034+00:00'
[2026-03-05T03:31:56.112+0000] {taskinstance.py:430} INFO - ::endgroup::
[2026-03-05T03:31:56.159+0000] {logging_mixin.py:188} INFO - Memulai ekstraksi data...
[2026-03-05T03:31:56.160+0000] {logging_mixin.py:188} INFO - <generator object read_json at 0x7fd8697e1b60>
[2026-03-05T03:31:56.161+0000] {logging_mixin.py:188} INFO - Memulai proses enrichment (Geocoding)...
[2026-03-05T03:31:56.161+0000] {logging_mixin.py:188} INFO - <generator object transform at 0x7fd8697e1bd0>
[2026-03-05T03:31:56.162+0000] {logging_mixin.py:188} INFO - Menulis hasil ke /opt/***/data/int_test_output/enriched_output.json...
[2026-03-05T03:31:57.414+0000] {logging_mixin.py:188} INFO - Error geocoding Bahnhofquai 8: 401 Client Error: Unauthorized for url: https://us1.locationiq.com/v1/search.php?q=Bahnhofquai+8&format=json
[2026-03-05T03:31:57.415+0000] {logging_mixin.py:188} INFO - Retrying (1/3) in 20 seconds...
[2026-03-05T03:32:17.960+0000] {logging_mixin.py:188} INFO - Error geocoding Bahnhofquai 8: 401 Client Error: Unauthorized for url: https://us1.locationiq.com/v1/search.php?q=Bahnhofquai+8&format=json
[2026-03-05T03:32:17.963+0000] {logging_mixin.py:188} INFO - Retrying (2/3) in 20 seconds...
[2026-03-05T03:32:38.647+0000] {logging_mixin.py:188} INFO - Error geocoding Bahnhofquai 8: 401 Client Error: Unauthorized for url: https://us1.locationiq.com/v1/search.php?q=Bahnhofquai+8&format=json
[2026-03-05T03:32:38.654+0000] {logging_mixin.py:188} INFO - Retrying (3/3) in 20 seconds...
[2026-03-05T03:32:59.444+0000] {logging_mixin.py:188} INFO - Error geocoding Via San Gottardo 39: 401 Client Error: Unauthorized for url: https://us1.locationiq.com/v1/search.php?q=Via+San+Gottardo+39&format=json
[2026-03-05T03:32:59.445+0000] {logging_mixin.py:188} INFO - Retrying (1/3) in 20 seconds...
[2026-03-05T03:33:19.847+0000] {logging_mixin.py:188} INFO - Error geocoding Via San Gottardo 39: 401 Client Error: Unauthorized for url: https://us1.locationiq.com/v1/search.php?q=Via+San+Gottardo+39&format=json
[2026-03-05T03:33:19.850+0000] {logging_mixin.py:188} INFO - Retrying (2/3) in 20 seconds...
[2026-03-05T03:33:40.876+0000] {logging_mixin.py:188} INFO - Error geocoding Via San Gottardo 39: 401 Client Error: Unauthorized for url: https://us1.locationiq.com/v1/search.php?q=Via+San+Gottardo+39&format=json
[2026-03-05T03:33:40.931+0000] {logging_mixin.py:188} INFO - Retrying (3/3) in 20 seconds...
[2026-03-05T03:34:00.992+0000] {logging_mixin.py:188} INFO - ETL Selesai.
[2026-03-05T03:34:00.997+0000] {python.py:237} INFO - Done. Returned value was: None
[2026-03-05T03:34:01.009+0000] {taskinstance.py:441} INFO - ::group::Post task execution logs
[2026-03-05T03:34:01.168+0000] {taskinstance.py:1206} INFO - Marking task as SUCCESS. dag_id=etl_geocode, task_id=geocode_etl_task, run_id=manual__2026-03-05T03:31:51.931034+00:00, execution_date=20260305T033151, start_date=20260305T033155, end_date=20260305T033401
[2026-03-05T03:34:01.372+0000] {local_task_job_runner.py:240} INFO - Task exited with return code 0
[2026-03-05T03:34:01.733+0000] {taskinstance.py:3498} INFO - 0 downstream tasks scheduled from follow-on schedule check
[2026-03-05T03:34:01.739+0000] {local_task_job_runner.py:222} INFO - ::endgroup::
