[2026-03-05T04:11:06.349+0000] {local_task_job_runner.py:120} INFO - ::group::Pre task execution logs
[2026-03-05T04:11:06.538+0000] {taskinstance.py:2076} INFO - Dependencies all met for dep_context=non-requeueable deps ti=<TaskInstance: etl_geocode.geocode_etl_task manual__2026-03-05T04:11:02.522734+00:00 [queued]>
[2026-03-05T04:11:06.561+0000] {taskinstance.py:2076} INFO - Dependencies all met for dep_context=requeueable deps ti=<TaskInstance: etl_geocode.geocode_etl_task manual__2026-03-05T04:11:02.522734+00:00 [queued]>
[2026-03-05T04:11:06.562+0000] {taskinstance.py:2306} INFO - Starting attempt 1 of 2
[2026-03-05T04:11:06.593+0000] {taskinstance.py:2330} INFO - Executing <Task(PythonOperator): geocode_etl_task> on 2026-03-05 04:11:02.522734+00:00
[2026-03-05T04:11:06.602+0000] {standard_task_runner.py:63} INFO - Started process 365 to run task
[2026-03-05T04:11:06.609+0000] {standard_task_runner.py:90} INFO - Running: ['***', 'tasks', 'run', 'etl_geocode', 'geocode_etl_task', 'manual__2026-03-05T04:11:02.522734+00:00', '--job-id', '10', '--raw', '--subdir', 'DAGS_FOLDER/etl_geocode.py', '--cfg-path', '/tmp/tmpczvtcawr']
[2026-03-05T04:11:06.619+0000] {standard_task_runner.py:91} INFO - Job 10: Subtask geocode_etl_task
[2026-03-05T04:11:06.767+0000] {task_command.py:426} INFO - Running <TaskInstance: etl_geocode.geocode_etl_task manual__2026-03-05T04:11:02.522734+00:00 [running]> on host 1bd9901a3c86
[2026-03-05T04:11:07.237+0000] {taskinstance.py:2648} INFO - Exporting env vars: AIRFLOW_CTX_DAG_OWNER='***' AIRFLOW_CTX_DAG_ID='etl_geocode' AIRFLOW_CTX_TASK_ID='geocode_etl_task' AIRFLOW_CTX_EXECUTION_DATE='2026-03-05T04:11:02.522734+00:00' AIRFLOW_CTX_TRY_NUMBER='1' AIRFLOW_CTX_DAG_RUN_ID='manual__2026-03-05T04:11:02.522734+00:00'
[2026-03-05T04:11:07.250+0000] {taskinstance.py:430} INFO - ::endgroup::
[2026-03-05T04:11:07.312+0000] {logging_mixin.py:188} INFO - Extracted 2 records from input files.
[2026-03-05T04:11:07.313+0000] {logging_mixin.py:188} INFO - Transformation complete. Ready to load enriched data.
[2026-03-05T04:11:07.326+0000] {logging_mixin.py:188} INFO - Enriched data successfully written to /opt/***/data/int_test_output/enriched_output.json
[2026-03-05T04:11:07.328+0000] {python.py:237} INFO - Done. Returned value was: None
[2026-03-05T04:11:07.330+0000] {taskinstance.py:441} INFO - ::group::Post task execution logs
[2026-03-05T04:11:07.395+0000] {taskinstance.py:1206} INFO - Marking task as SUCCESS. dag_id=etl_geocode, task_id=geocode_etl_task, run_id=manual__2026-03-05T04:11:02.522734+00:00, execution_date=20260305T041102, start_date=20260305T041106, end_date=20260305T041107
[2026-03-05T04:11:07.476+0000] {local_task_job_runner.py:240} INFO - Task exited with return code 0
[2026-03-05T04:11:07.503+0000] {taskinstance.py:3498} INFO - 0 downstream tasks scheduled from follow-on schedule check
[2026-03-05T04:11:07.521+0000] {local_task_job_runner.py:222} INFO - ::endgroup::
