[2026-03-05T03:01:29.320+0000] {manager.py:470} INFO - Processing files using up to 2 processes at a time 
[2026-03-05T03:01:29.331+0000] {manager.py:471} INFO - Process each file at most once every 30 seconds
[2026-03-05T03:01:29.337+0000] {manager.py:472} INFO - Checking for new files in /opt/airflow/dags every 300 seconds
[2026-03-05T03:01:29.340+0000] {manager.py:737} INFO - Searching for files in /opt/airflow/dags
[2026-03-05T03:01:29.405+0000] {manager.py:740} INFO - There are 0 files in /opt/airflow/dags
[2026-03-05T03:06:29.400+0000] {manager.py:737} INFO - Searching for files in /opt/airflow/dags
[2026-03-05T03:06:29.580+0000] {manager.py:740} INFO - There are 1 files in /opt/airflow/dags
[2026-03-05T03:06:33.785+0000] {manager.py:878} INFO - 
================================================================================
DAG File Processing Stats

File Path                         PID    Runtime      # DAGs    # Errors  Last Runtime    Last Run
--------------------------------  -----  ---------  --------  ----------  --------------  -------------------
/opt/airflow/dags/etl_geocode.py                           0           1  0.71s           2026-03-05T03:06:30
================================================================================
[2026-03-05T03:07:04.342+0000] {manager.py:878} INFO - 
================================================================================
DAG File Processing Stats

File Path                         PID    Runtime      # DAGs    # Errors  Last Runtime    Last Run
--------------------------------  -----  ---------  --------  ----------  --------------  -------------------
/opt/airflow/dags/etl_geocode.py                           0           1  0.25s           2026-03-05T03:07:01
================================================================================
[2026-03-05T03:07:35.071+0000] {manager.py:878} INFO - 
================================================================================
DAG File Processing Stats

File Path                         PID    Runtime      # DAGs    # Errors  Last Runtime    Last Run
--------------------------------  -----  ---------  --------  ----------  --------------  -------------------
/opt/airflow/dags/etl_geocode.py                           0           1  0.73s           2026-03-05T03:07:32
================================================================================
[2026-03-05T03:08:05.628+0000] {manager.py:878} INFO - 
================================================================================
DAG File Processing Stats

File Path                         PID    Runtime      # DAGs    # Errors  Last Runtime    Last Run
--------------------------------  -----  ---------  --------  ----------  --------------  -------------------
/opt/airflow/dags/etl_geocode.py                           0           1  0.32s           2026-03-05T03:07:37
================================================================================
[2026-03-05T03:08:36.196+0000] {manager.py:878} INFO - 
================================================================================
DAG File Processing Stats

File Path                         PID    Runtime      # DAGs    # Errors  Last Runtime    Last Run
--------------------------------  -----  ---------  --------  ----------  --------------  -------------------
/opt/airflow/dags/etl_geocode.py                           0           1  0.21s           2026-03-05T03:08:08
================================================================================
[2026-03-05T03:09:06.241+0000] {manager.py:878} INFO - 
================================================================================
DAG File Processing Stats

File Path                         PID    Runtime      # DAGs    # Errors  Last Runtime    Last Run
--------------------------------  -----  ---------  --------  ----------  --------------  -------------------
/opt/airflow/dags/etl_geocode.py                           0           1  0.18s           2026-03-05T03:08:38
================================================================================
[2026-03-05T03:09:36.610+0000] {manager.py:878} INFO - 
================================================================================
DAG File Processing Stats

File Path                         PID    Runtime      # DAGs    # Errors  Last Runtime    Last Run
--------------------------------  -----  ---------  --------  ----------  --------------  -------------------
/opt/airflow/dags/etl_geocode.py                           0           1  0.52s           2026-03-05T03:09:31
================================================================================
[2026-03-05T03:10:07.114+0000] {manager.py:878} INFO - 
================================================================================
DAG File Processing Stats

File Path                         PID    Runtime      # DAGs    # Errors  Last Runtime    Last Run
--------------------------------  -----  ---------  --------  ----------  --------------  -------------------
/opt/airflow/dags/etl_geocode.py                           0           1  0.19s           2026-03-05T03:10:02
================================================================================
[2026-03-05T03:10:37.594+0000] {manager.py:878} INFO - 
================================================================================
DAG File Processing Stats

File Path                         PID    Runtime      # DAGs    # Errors  Last Runtime    Last Run
--------------------------------  -----  ---------  --------  ----------  --------------  -------------------
/opt/airflow/dags/etl_geocode.py                           0           1  0.19s           2026-03-05T03:10:32
================================================================================
[2026-03-05T03:11:08.315+0000] {manager.py:878} INFO - 
================================================================================
DAG File Processing Stats

File Path                         PID    Runtime      # DAGs    # Errors  Last Runtime    Last Run
--------------------------------  -----  ---------  --------  ----------  --------------  -------------------
/opt/airflow/dags/etl_geocode.py                           0           1  1.49s           2026-03-05T03:11:04
================================================================================
[2026-03-05T03:11:29.474+0000] {manager.py:737} INFO - Searching for files in /opt/airflow/dags
[2026-03-05T03:11:29.522+0000] {manager.py:740} INFO - There are 1 files in /opt/airflow/dags
[2026-03-05T03:11:38.721+0000] {manager.py:878} INFO - 
================================================================================
DAG File Processing Stats

File Path                         PID    Runtime      # DAGs    # Errors  Last Runtime    Last Run
--------------------------------  -----  ---------  --------  ----------  --------------  -------------------
/opt/airflow/dags/etl_geocode.py                           0           1  0.17s           2026-03-05T03:11:34
================================================================================
[2026-03-05T03:12:09.158+0000] {manager.py:878} INFO - 
================================================================================
DAG File Processing Stats

File Path                         PID    Runtime      # DAGs    # Errors  Last Runtime    Last Run
--------------------------------  -----  ---------  --------  ----------  --------------  -------------------
/opt/airflow/dags/etl_geocode.py                           0           1  0.44s           2026-03-05T03:12:05
================================================================================
[2026-03-05T03:12:39.709+0000] {manager.py:878} INFO - 
================================================================================
DAG File Processing Stats

File Path                         PID    Runtime      # DAGs    # Errors  Last Runtime    Last Run
--------------------------------  -----  ---------  --------  ----------  --------------  -------------------
/opt/airflow/dags/etl_geocode.py                           0           1  0.16s           2026-03-05T03:12:35
================================================================================
[2026-03-05T03:13:10.078+0000] {manager.py:878} INFO - 
================================================================================
DAG File Processing Stats

File Path                         PID    Runtime      # DAGs    # Errors  Last Runtime    Last Run
--------------------------------  -----  ---------  --------  ----------  --------------  -------------------
/opt/airflow/dags/etl_geocode.py                           0           1  0.14s           2026-03-05T03:13:06
================================================================================
[2026-03-05T03:13:40.347+0000] {manager.py:878} INFO - 
================================================================================
DAG File Processing Stats

File Path                         PID    Runtime      # DAGs    # Errors  Last Runtime    Last Run
--------------------------------  -----  ---------  --------  ----------  --------------  -------------------
/opt/airflow/dags/etl_geocode.py                           0           1  0.21s           2026-03-05T03:13:36
================================================================================
[2026-03-05T03:14:10.596+0000] {manager.py:878} INFO - 
================================================================================
DAG File Processing Stats

File Path                         PID    Runtime      # DAGs    # Errors  Last Runtime    Last Run
--------------------------------  -----  ---------  --------  ----------  --------------  -------------------
/opt/airflow/dags/etl_geocode.py                           0           1  0.15s           2026-03-05T03:14:06
================================================================================
[2026-03-05T03:14:40.964+0000] {manager.py:878} INFO - 
================================================================================
DAG File Processing Stats

File Path                         PID    Runtime      # DAGs    # Errors  Last Runtime    Last Run
--------------------------------  -----  ---------  --------  ----------  --------------  -------------------
/opt/airflow/dags/etl_geocode.py                           0           1  0.14s           2026-03-05T03:14:36
================================================================================
[2026-03-05T03:15:11.297+0000] {manager.py:878} INFO - 
================================================================================
DAG File Processing Stats

File Path                         PID    Runtime      # DAGs    # Errors  Last Runtime    Last Run
--------------------------------  -----  ---------  --------  ----------  --------------  -------------------
/opt/airflow/dags/etl_geocode.py                           0           1  0.17s           2026-03-05T03:15:07
================================================================================
[2026-03-05T03:15:41.703+0000] {manager.py:878} INFO - 
================================================================================
DAG File Processing Stats

File Path                         PID    Runtime      # DAGs    # Errors  Last Runtime    Last Run
--------------------------------  -----  ---------  --------  ----------  --------------  -------------------
/opt/airflow/dags/etl_geocode.py                           0           1  0.23s           2026-03-05T03:15:37
================================================================================
[2026-03-05T03:16:12.028+0000] {manager.py:878} INFO - 
================================================================================
DAG File Processing Stats

File Path                         PID    Runtime      # DAGs    # Errors  Last Runtime    Last Run
--------------------------------  -----  ---------  --------  ----------  --------------  -------------------
/opt/airflow/dags/etl_geocode.py                           0           1  0.16s           2026-03-05T03:16:08
================================================================================
[2026-03-05T03:16:30.186+0000] {manager.py:737} INFO - Searching for files in /opt/airflow/dags
[2026-03-05T03:16:30.220+0000] {manager.py:740} INFO - There are 1 files in /opt/airflow/dags
[2026-03-05T03:16:42.454+0000] {manager.py:878} INFO - 
================================================================================
DAG File Processing Stats

File Path                         PID    Runtime      # DAGs    # Errors  Last Runtime    Last Run
--------------------------------  -----  ---------  --------  ----------  --------------  -------------------
/opt/airflow/dags/etl_geocode.py                           0           1  0.17s           2026-03-05T03:16:38
================================================================================
[2026-03-05T03:17:12.840+0000] {manager.py:878} INFO - 
================================================================================
DAG File Processing Stats

File Path                         PID    Runtime      # DAGs    # Errors  Last Runtime    Last Run
--------------------------------  -----  ---------  --------  ----------  --------------  -------------------
/opt/airflow/dags/etl_geocode.py                           0           1  0.17s           2026-03-05T03:17:08
================================================================================
[2026-03-05T03:17:43.409+0000] {manager.py:878} INFO - 
================================================================================
DAG File Processing Stats

File Path                         PID    Runtime      # DAGs    # Errors  Last Runtime    Last Run
--------------------------------  -----  ---------  --------  ----------  --------------  -------------------
/opt/airflow/dags/etl_geocode.py                           0           1  0.62s           2026-03-05T03:17:39
================================================================================
[2026-03-05T03:18:13.419+0000] {manager.py:878} INFO - 
================================================================================
DAG File Processing Stats

File Path                         PID    Runtime      # DAGs    # Errors  Last Runtime    Last Run
--------------------------------  -----  ---------  --------  ----------  --------------  -------------------
/opt/airflow/dags/etl_geocode.py                           0           1  0.34s           2026-03-05T03:18:10
================================================================================
[2026-03-05T03:18:43.730+0000] {manager.py:878} INFO - 
================================================================================
DAG File Processing Stats

File Path                           PID  Runtime      # DAGs    # Errors  Last Runtime    Last Run
--------------------------------  -----  ---------  --------  ----------  --------------  -------------------
/opt/airflow/dags/etl_geocode.py    290  3.04s             0           1  0.34s           2026-03-05T03:18:10
================================================================================
[2026-03-05T03:19:13.860+0000] {manager.py:878} INFO - 
================================================================================
DAG File Processing Stats

File Path                         PID    Runtime      # DAGs    # Errors  Last Runtime    Last Run
--------------------------------  -----  ---------  --------  ----------  --------------  -------------------
/opt/airflow/dags/etl_geocode.py                           1           0  4.95s           2026-03-05T03:18:45
================================================================================
[2026-03-05T03:19:44.163+0000] {manager.py:878} INFO - 
================================================================================
DAG File Processing Stats

File Path                         PID    Runtime      # DAGs    # Errors  Last Runtime    Last Run
--------------------------------  -----  ---------  --------  ----------  --------------  -------------------
/opt/airflow/dags/etl_geocode.py                           1           0  0.39s           2026-03-05T03:19:16
================================================================================
[2026-03-05T03:20:14.551+0000] {manager.py:878} INFO - 
================================================================================
DAG File Processing Stats

File Path                         PID    Runtime      # DAGs    # Errors  Last Runtime    Last Run
--------------------------------  -----  ---------  --------  ----------  --------------  -------------------
/opt/airflow/dags/etl_geocode.py                           1           0  0.30s           2026-03-05T03:19:46
================================================================================
[2026-03-05T03:20:44.974+0000] {manager.py:878} INFO - 
================================================================================
DAG File Processing Stats

File Path                         PID    Runtime      # DAGs    # Errors  Last Runtime    Last Run
--------------------------------  -----  ---------  --------  ----------  --------------  -------------------
/opt/airflow/dags/etl_geocode.py                           1           0  0.23s           2026-03-05T03:20:16
================================================================================
[2026-03-05T03:21:15.246+0000] {manager.py:878} INFO - 
================================================================================
DAG File Processing Stats

File Path                         PID    Runtime      # DAGs    # Errors  Last Runtime    Last Run
--------------------------------  -----  ---------  --------  ----------  --------------  -------------------
/opt/airflow/dags/etl_geocode.py                           1           0  0.30s           2026-03-05T03:20:47
================================================================================
[2026-03-05T03:21:30.570+0000] {manager.py:737} INFO - Searching for files in /opt/airflow/dags
[2026-03-05T03:21:30.639+0000] {manager.py:740} INFO - There are 1 files in /opt/airflow/dags
[2026-03-05T03:21:45.380+0000] {manager.py:878} INFO - 
================================================================================
DAG File Processing Stats

File Path                         PID    Runtime      # DAGs    # Errors  Last Runtime    Last Run
--------------------------------  -----  ---------  --------  ----------  --------------  -------------------
/opt/airflow/dags/etl_geocode.py                           1           0  0.23s           2026-03-05T03:21:34
================================================================================
[2026-03-05T03:22:15.625+0000] {manager.py:878} INFO - 
================================================================================
DAG File Processing Stats

File Path                         PID    Runtime      # DAGs    # Errors  Last Runtime    Last Run
--------------------------------  -----  ---------  --------  ----------  --------------  -------------------
/opt/airflow/dags/etl_geocode.py                           1           0  0.28s           2026-03-05T03:22:04
================================================================================
[2026-03-05T03:22:45.931+0000] {manager.py:878} INFO - 
================================================================================
DAG File Processing Stats

File Path                         PID    Runtime      # DAGs    # Errors  Last Runtime    Last Run
--------------------------------  -----  ---------  --------  ----------  --------------  -------------------
/opt/airflow/dags/etl_geocode.py                           1           0  0.20s           2026-03-05T03:22:34
================================================================================
[2026-03-05T03:23:16.305+0000] {manager.py:878} INFO - 
================================================================================
DAG File Processing Stats

File Path                         PID    Runtime      # DAGs    # Errors  Last Runtime    Last Run
--------------------------------  -----  ---------  --------  ----------  --------------  -------------------
/opt/airflow/dags/etl_geocode.py                           1           0  0.41s           2026-03-05T03:23:05
================================================================================
[2026-03-05T03:23:46.828+0000] {manager.py:878} INFO - 
================================================================================
DAG File Processing Stats

File Path                         PID    Runtime      # DAGs    # Errors  Last Runtime    Last Run
--------------------------------  -----  ---------  --------  ----------  --------------  -------------------
/opt/airflow/dags/etl_geocode.py                           1           0  0.44s           2026-03-05T03:23:23
================================================================================
[2026-03-05T03:24:17.234+0000] {manager.py:878} INFO - 
================================================================================
DAG File Processing Stats

File Path                         PID    Runtime      # DAGs    # Errors  Last Runtime    Last Run
--------------------------------  -----  ---------  --------  ----------  --------------  -------------------
/opt/airflow/dags/etl_geocode.py                           1           0  0.23s           2026-03-05T03:23:54
================================================================================
[2026-03-05T03:24:47.577+0000] {manager.py:878} INFO - 
================================================================================
DAG File Processing Stats

File Path                         PID    Runtime      # DAGs    # Errors  Last Runtime    Last Run
--------------------------------  -----  ---------  --------  ----------  --------------  -------------------
/opt/airflow/dags/etl_geocode.py                           1           0  0.29s           2026-03-05T03:24:24
================================================================================
[2026-03-05T03:25:18.087+0000] {manager.py:878} INFO - 
================================================================================
DAG File Processing Stats

File Path                         PID    Runtime      # DAGs    # Errors  Last Runtime    Last Run
--------------------------------  -----  ---------  --------  ----------  --------------  -------------------
/opt/airflow/dags/etl_geocode.py                           1           0  0.24s           2026-03-05T03:24:54
================================================================================
[2026-03-05T03:25:48.223+0000] {manager.py:878} INFO - 
================================================================================
DAG File Processing Stats

File Path                         PID    Runtime      # DAGs    # Errors  Last Runtime    Last Run
--------------------------------  -----  ---------  --------  ----------  --------------  -------------------
/opt/airflow/dags/etl_geocode.py                           1           0  0.59s           2026-03-05T03:25:25
================================================================================
[2026-03-05T03:26:18.938+0000] {manager.py:878} INFO - 
================================================================================
DAG File Processing Stats

File Path                         PID    Runtime      # DAGs    # Errors  Last Runtime    Last Run
--------------------------------  -----  ---------  --------  ----------  --------------  -------------------
/opt/airflow/dags/etl_geocode.py                           1           0  0.41s           2026-03-05T03:25:56
================================================================================
[2026-03-05T03:26:30.618+0000] {manager.py:737} INFO - Searching for files in /opt/airflow/dags
[2026-03-05T03:26:30.658+0000] {manager.py:740} INFO - There are 1 files in /opt/airflow/dags
[2026-03-05T03:26:49.647+0000] {manager.py:878} INFO - 
================================================================================
DAG File Processing Stats

File Path                         PID    Runtime      # DAGs    # Errors  Last Runtime    Last Run
--------------------------------  -----  ---------  --------  ----------  --------------  -------------------
/opt/airflow/dags/etl_geocode.py                           1           0  0.59s           2026-03-05T03:26:27
================================================================================
[2026-03-05T03:27:20.093+0000] {manager.py:878} INFO - 
================================================================================
DAG File Processing Stats

File Path                         PID    Runtime      # DAGs    # Errors  Last Runtime    Last Run
--------------------------------  -----  ---------  --------  ----------  --------------  -------------------
/opt/airflow/dags/etl_geocode.py                           1           0  0.24s           2026-03-05T03:26:57
================================================================================
[2026-03-05T03:27:50.407+0000] {manager.py:878} INFO - 
================================================================================
DAG File Processing Stats

File Path                         PID    Runtime      # DAGs    # Errors  Last Runtime    Last Run
--------------------------------  -----  ---------  --------  ----------  --------------  -------------------
/opt/airflow/dags/etl_geocode.py                           1           0  0.39s           2026-03-05T03:27:28
================================================================================
[2026-03-05T03:28:21.065+0000] {manager.py:878} INFO - 
================================================================================
DAG File Processing Stats

File Path                         PID    Runtime      # DAGs    # Errors  Last Runtime    Last Run
--------------------------------  -----  ---------  --------  ----------  --------------  -------------------
/opt/airflow/dags/etl_geocode.py                           1           0  0.27s           2026-03-05T03:27:59
================================================================================
[2026-03-05T03:28:51.337+0000] {manager.py:878} INFO - 
================================================================================
DAG File Processing Stats

File Path                         PID    Runtime      # DAGs    # Errors  Last Runtime    Last Run
--------------------------------  -----  ---------  --------  ----------  --------------  -------------------
/opt/airflow/dags/etl_geocode.py                           1           0  0.19s           2026-03-05T03:28:29
================================================================================
[2026-03-05T03:29:21.597+0000] {manager.py:878} INFO - 
================================================================================
DAG File Processing Stats

File Path                         PID    Runtime      # DAGs    # Errors  Last Runtime    Last Run
--------------------------------  -----  ---------  --------  ----------  --------------  -------------------
/opt/airflow/dags/etl_geocode.py                           1           0  0.18s           2026-03-05T03:28:59
================================================================================
[2026-03-05T03:29:52.031+0000] {manager.py:878} INFO - 
================================================================================
DAG File Processing Stats

File Path                         PID    Runtime      # DAGs    # Errors  Last Runtime    Last Run
--------------------------------  -----  ---------  --------  ----------  --------------  -------------------
/opt/airflow/dags/etl_geocode.py                           1           0  0.28s           2026-03-05T03:29:29
================================================================================
[2026-03-05T03:30:22.422+0000] {manager.py:878} INFO - 
================================================================================
DAG File Processing Stats

File Path                         PID    Runtime      # DAGs    # Errors  Last Runtime    Last Run
--------------------------------  -----  ---------  --------  ----------  --------------  -------------------
/opt/airflow/dags/etl_geocode.py                           1           0  0.34s           2026-03-05T03:30:00
================================================================================
[2026-03-05T03:30:52.945+0000] {manager.py:878} INFO - 
================================================================================
DAG File Processing Stats

File Path                         PID    Runtime      # DAGs    # Errors  Last Runtime    Last Run
--------------------------------  -----  ---------  --------  ----------  --------------  -------------------
/opt/airflow/dags/etl_geocode.py                           1           0  0.23s           2026-03-05T03:30:30
================================================================================
[2026-03-05T03:31:23.197+0000] {manager.py:878} INFO - 
================================================================================
DAG File Processing Stats

File Path                         PID    Runtime      # DAGs    # Errors  Last Runtime    Last Run
--------------------------------  -----  ---------  --------  ----------  --------------  -------------------
/opt/airflow/dags/etl_geocode.py                           1           0  0.26s           2026-03-05T03:31:22
================================================================================
[2026-03-05T03:31:31.254+0000] {manager.py:737} INFO - Searching for files in /opt/airflow/dags
[2026-03-05T03:31:31.323+0000] {manager.py:740} INFO - There are 1 files in /opt/airflow/dags
[2026-03-05T03:31:53.903+0000] {manager.py:878} INFO - 
================================================================================
DAG File Processing Stats

File Path                           PID  Runtime      # DAGs    # Errors  Last Runtime    Last Run
--------------------------------  -----  ---------  --------  ----------  --------------  -------------------
/opt/airflow/dags/etl_geocode.py    447  1.31s             1           0  0.26s           2026-03-05T03:31:22
================================================================================
[2026-03-05T03:32:24.336+0000] {manager.py:878} INFO - 
================================================================================
DAG File Processing Stats

File Path                         PID    Runtime      # DAGs    # Errors  Last Runtime    Last Run
--------------------------------  -----  ---------  --------  ----------  --------------  -------------------
/opt/airflow/dags/etl_geocode.py                           1           0  1.75s           2026-03-05T03:31:54
================================================================================
[2026-03-05T03:32:54.744+0000] {manager.py:878} INFO - 
================================================================================
DAG File Processing Stats

File Path                         PID    Runtime      # DAGs    # Errors  Last Runtime    Last Run
--------------------------------  -----  ---------  --------  ----------  --------------  -------------------
/opt/airflow/dags/etl_geocode.py                           1           0  1.34s           2026-03-05T03:32:25
================================================================================
[2026-03-05T03:33:24.933+0000] {manager.py:878} INFO - 
================================================================================
DAG File Processing Stats

File Path                         PID    Runtime      # DAGs    # Errors  Last Runtime    Last Run
--------------------------------  -----  ---------  --------  ----------  --------------  -------------------
/opt/airflow/dags/etl_geocode.py                           1           0  0.99s           2026-03-05T03:32:57
================================================================================
[2026-03-05T03:33:55.528+0000] {manager.py:878} INFO - 
================================================================================
DAG File Processing Stats

File Path                         PID    Runtime      # DAGs    # Errors  Last Runtime    Last Run
--------------------------------  -----  ---------  --------  ----------  --------------  -------------------
/opt/airflow/dags/etl_geocode.py                           1           0  0.64s           2026-03-05T03:33:28
================================================================================
[2026-03-05T03:34:25.799+0000] {manager.py:878} INFO - 
================================================================================
DAG File Processing Stats

File Path                         PID    Runtime      # DAGs    # Errors  Last Runtime    Last Run
--------------------------------  -----  ---------  --------  ----------  --------------  -------------------
/opt/airflow/dags/etl_geocode.py                           1           0  0.53s           2026-03-05T03:33:59
================================================================================
[2026-03-05T03:34:55.883+0000] {manager.py:878} INFO - 
================================================================================
DAG File Processing Stats

File Path                         PID    Runtime      # DAGs    # Errors  Last Runtime    Last Run
--------------------------------  -----  ---------  --------  ----------  --------------  -------------------
/opt/airflow/dags/etl_geocode.py                           1           0  0.63s           2026-03-05T03:34:30
================================================================================
[2026-03-05T03:35:26.135+0000] {manager.py:878} INFO - 
================================================================================
DAG File Processing Stats

File Path                         PID    Runtime      # DAGs    # Errors  Last Runtime    Last Run
--------------------------------  -----  ---------  --------  ----------  --------------  -------------------
/opt/airflow/dags/etl_geocode.py                           1           0  0.28s           2026-03-05T03:35:01
================================================================================
[2026-03-05T03:35:56.586+0000] {manager.py:878} INFO - 
================================================================================
DAG File Processing Stats

File Path                         PID    Runtime      # DAGs    # Errors  Last Runtime    Last Run
--------------------------------  -----  ---------  --------  ----------  --------------  -------------------
/opt/airflow/dags/etl_geocode.py                           1           0  0.20s           2026-03-05T03:35:31
================================================================================
[2026-03-05T03:36:26.857+0000] {manager.py:878} INFO - 
================================================================================
DAG File Processing Stats

File Path                         PID    Runtime      # DAGs    # Errors  Last Runtime    Last Run
--------------------------------  -----  ---------  --------  ----------  --------------  -------------------
/opt/airflow/dags/etl_geocode.py                           1           0  0.37s           2026-03-05T03:36:02
================================================================================
[2026-03-05T03:36:31.300+0000] {manager.py:737} INFO - Searching for files in /opt/airflow/dags
[2026-03-05T03:36:31.340+0000] {manager.py:740} INFO - There are 1 files in /opt/airflow/dags
[2026-03-05T03:36:56.865+0000] {manager.py:878} INFO - 
================================================================================
DAG File Processing Stats

File Path                         PID    Runtime      # DAGs    # Errors  Last Runtime    Last Run
--------------------------------  -----  ---------  --------  ----------  --------------  -------------------
/opt/airflow/dags/etl_geocode.py                           1           0  0.30s           2026-03-05T03:36:32
================================================================================
[2026-03-05T03:37:27.147+0000] {manager.py:878} INFO - 
================================================================================
DAG File Processing Stats

File Path                         PID    Runtime      # DAGs    # Errors  Last Runtime    Last Run
--------------------------------  -----  ---------  --------  ----------  --------------  -------------------
/opt/airflow/dags/etl_geocode.py                           1           0  0.23s           2026-03-05T03:37:03
================================================================================
[2026-03-05T03:37:57.358+0000] {manager.py:878} INFO - 
================================================================================
DAG File Processing Stats

File Path                         PID    Runtime      # DAGs    # Errors  Last Runtime    Last Run
--------------------------------  -----  ---------  --------  ----------  --------------  -------------------
/opt/airflow/dags/etl_geocode.py                           1           0  0.81s           2026-03-05T03:37:34
================================================================================
[2026-03-05T03:38:27.685+0000] {manager.py:878} INFO - 
================================================================================
DAG File Processing Stats

File Path                         PID    Runtime      # DAGs    # Errors  Last Runtime    Last Run
--------------------------------  -----  ---------  --------  ----------  --------------  -------------------
/opt/airflow/dags/etl_geocode.py                           1           0  0.29s           2026-03-05T03:38:04
================================================================================
[2026-03-05T03:38:58.125+0000] {manager.py:878} INFO - 
================================================================================
DAG File Processing Stats

File Path                         PID    Runtime      # DAGs    # Errors  Last Runtime    Last Run
--------------------------------  -----  ---------  --------  ----------  --------------  -------------------
/opt/airflow/dags/etl_geocode.py                           1           0  2.20s           2026-03-05T03:38:36
================================================================================
[2026-03-05T03:39:28.521+0000] {manager.py:878} INFO - 
================================================================================
DAG File Processing Stats

File Path                         PID    Runtime      # DAGs    # Errors  Last Runtime    Last Run
--------------------------------  -----  ---------  --------  ----------  --------------  -------------------
/opt/airflow/dags/etl_geocode.py                           1           0  0.37s           2026-03-05T03:39:07
================================================================================
[2026-03-05T03:39:58.815+0000] {manager.py:878} INFO - 
================================================================================
DAG File Processing Stats

File Path                         PID    Runtime      # DAGs    # Errors  Last Runtime    Last Run
--------------------------------  -----  ---------  --------  ----------  --------------  -------------------
/opt/airflow/dags/etl_geocode.py                           1           0  0.88s           2026-03-05T03:39:38
================================================================================
[2026-03-05T03:40:29.309+0000] {manager.py:878} INFO - 
================================================================================
DAG File Processing Stats

File Path                         PID    Runtime      # DAGs    # Errors  Last Runtime    Last Run
--------------------------------  -----  ---------  --------  ----------  --------------  -------------------
/opt/airflow/dags/etl_geocode.py                           1           0  1.17s           2026-03-05T03:40:10
================================================================================
[2026-03-05T03:40:59.688+0000] {manager.py:878} INFO - 
================================================================================
DAG File Processing Stats

File Path                         PID    Runtime      # DAGs    # Errors  Last Runtime    Last Run
--------------------------------  -----  ---------  --------  ----------  --------------  -------------------
/opt/airflow/dags/etl_geocode.py                           1           0  0.43s           2026-03-05T03:40:40
================================================================================
[2026-03-05T03:41:30.030+0000] {manager.py:878} INFO - 
================================================================================
DAG File Processing Stats

File Path                         PID    Runtime      # DAGs    # Errors  Last Runtime    Last Run
--------------------------------  -----  ---------  --------  ----------  --------------  -------------------
/opt/airflow/dags/etl_geocode.py                           1           0  0.22s           2026-03-05T03:41:11
================================================================================
[2026-03-05T03:41:32.056+0000] {manager.py:737} INFO - Searching for files in /opt/airflow/dags
[2026-03-05T03:41:32.168+0000] {manager.py:740} INFO - There are 1 files in /opt/airflow/dags
[2026-03-05T03:42:00.765+0000] {manager.py:878} INFO - 
================================================================================
DAG File Processing Stats

File Path                         PID    Runtime      # DAGs    # Errors  Last Runtime    Last Run
--------------------------------  -----  ---------  --------  ----------  --------------  -------------------
/opt/airflow/dags/etl_geocode.py                           1           0  1.04s           2026-03-05T03:41:42
================================================================================
[2026-03-05T03:42:31.190+0000] {manager.py:878} INFO - 
================================================================================
DAG File Processing Stats

File Path                         PID    Runtime      # DAGs    # Errors  Last Runtime    Last Run
--------------------------------  -----  ---------  --------  ----------  --------------  -------------------
/opt/airflow/dags/etl_geocode.py                           1           0  0.78s           2026-03-05T03:42:13
================================================================================
[2026-03-05T03:43:02.008+0000] {manager.py:878} INFO - 
================================================================================
DAG File Processing Stats

File Path                         PID    Runtime      # DAGs    # Errors  Last Runtime    Last Run
--------------------------------  -----  ---------  --------  ----------  --------------  -------------------
/opt/airflow/dags/etl_geocode.py                           1           0  1.16s           2026-03-05T03:42:45
================================================================================
[2026-03-05T03:43:32.739+0000] {manager.py:878} INFO - 
================================================================================
DAG File Processing Stats

File Path                         PID    Runtime      # DAGs    # Errors  Last Runtime    Last Run
--------------------------------  -----  ---------  --------  ----------  --------------  -------------------
/opt/airflow/dags/etl_geocode.py                           1           0  0.95s           2026-03-05T03:43:17
================================================================================
[2026-03-05T03:44:03.128+0000] {manager.py:878} INFO - 
================================================================================
DAG File Processing Stats

File Path                         PID    Runtime      # DAGs    # Errors  Last Runtime    Last Run
--------------------------------  -----  ---------  --------  ----------  --------------  -------------------
/opt/airflow/dags/etl_geocode.py                           1           0  0.82s           2026-03-05T03:43:48
================================================================================
[2026-03-05T03:44:33.559+0000] {manager.py:878} INFO - 
================================================================================
DAG File Processing Stats

File Path                         PID    Runtime      # DAGs    # Errors  Last Runtime    Last Run
--------------------------------  -----  ---------  --------  ----------  --------------  -------------------
/opt/airflow/dags/etl_geocode.py                           1           0  0.84s           2026-03-05T03:44:20
================================================================================
[2026-03-05T03:45:03.894+0000] {manager.py:878} INFO - 
================================================================================
DAG File Processing Stats

File Path                         PID    Runtime      # DAGs    # Errors  Last Runtime    Last Run
--------------------------------  -----  ---------  --------  ----------  --------------  -------------------
/opt/airflow/dags/etl_geocode.py                           1           0  0.26s           2026-03-05T03:44:51
================================================================================
[2026-03-05T03:45:34.378+0000] {manager.py:878} INFO - 
================================================================================
DAG File Processing Stats

File Path                         PID    Runtime      # DAGs    # Errors  Last Runtime    Last Run
--------------------------------  -----  ---------  --------  ----------  --------------  -------------------
/opt/airflow/dags/etl_geocode.py                           1           0  0.22s           2026-03-05T03:45:21
================================================================================
[2026-03-05T03:46:04.678+0000] {manager.py:878} INFO - 
================================================================================
DAG File Processing Stats

File Path                         PID    Runtime      # DAGs    # Errors  Last Runtime    Last Run
--------------------------------  -----  ---------  --------  ----------  --------------  -------------------
/opt/airflow/dags/etl_geocode.py                           1           0  0.25s           2026-03-05T03:45:51
================================================================================
[2026-03-05T03:46:32.105+0000] {manager.py:737} INFO - Searching for files in /opt/airflow/dags
[2026-03-05T03:46:32.130+0000] {manager.py:740} INFO - There are 1 files in /opt/airflow/dags
[2026-03-05T03:46:35.167+0000] {manager.py:878} INFO - 
================================================================================
DAG File Processing Stats

File Path                         PID    Runtime      # DAGs    # Errors  Last Runtime    Last Run
--------------------------------  -----  ---------  --------  ----------  --------------  -------------------
/opt/airflow/dags/etl_geocode.py                           1           0  0.26s           2026-03-05T03:46:22
================================================================================
[2026-03-05T03:47:05.461+0000] {manager.py:878} INFO - 
================================================================================
DAG File Processing Stats

File Path                         PID    Runtime      # DAGs    # Errors  Last Runtime    Last Run
--------------------------------  -----  ---------  --------  ----------  --------------  -------------------
/opt/airflow/dags/etl_geocode.py                           1           0  0.35s           2026-03-05T03:46:52
================================================================================
[2026-03-05T03:47:35.992+0000] {manager.py:878} INFO - 
================================================================================
DAG File Processing Stats

File Path                         PID    Runtime      # DAGs    # Errors  Last Runtime    Last Run
--------------------------------  -----  ---------  --------  ----------  --------------  -------------------
/opt/airflow/dags/etl_geocode.py                           1           0  0.22s           2026-03-05T03:47:23
================================================================================
[2026-03-05T03:48:06.409+0000] {manager.py:878} INFO - 
================================================================================
DAG File Processing Stats

File Path                         PID    Runtime      # DAGs    # Errors  Last Runtime    Last Run
--------------------------------  -----  ---------  --------  ----------  --------------  -------------------
/opt/airflow/dags/etl_geocode.py                           1           0  0.37s           2026-03-05T03:47:53
================================================================================
[2026-03-05T03:48:36.773+0000] {manager.py:878} INFO - 
================================================================================
DAG File Processing Stats

File Path                         PID    Runtime      # DAGs    # Errors  Last Runtime    Last Run
--------------------------------  -----  ---------  --------  ----------  --------------  -------------------
/opt/airflow/dags/etl_geocode.py                           1           0  0.39s           2026-03-05T03:48:23
================================================================================
[2026-03-05T03:49:07.317+0000] {manager.py:878} INFO - 
================================================================================
DAG File Processing Stats

File Path                         PID    Runtime      # DAGs    # Errors  Last Runtime    Last Run
--------------------------------  -----  ---------  --------  ----------  --------------  -------------------
/opt/airflow/dags/etl_geocode.py                           1           0  0.39s           2026-03-05T03:48:54
================================================================================
[2026-03-05T03:49:37.773+0000] {manager.py:878} INFO - 
================================================================================
DAG File Processing Stats

File Path                         PID    Runtime      # DAGs    # Errors  Last Runtime    Last Run
--------------------------------  -----  ---------  --------  ----------  --------------  -------------------
/opt/airflow/dags/etl_geocode.py                           1           0  0.34s           2026-03-05T03:49:24
================================================================================
[2026-03-05T03:50:08.243+0000] {manager.py:878} INFO - 
================================================================================
DAG File Processing Stats

File Path                         PID    Runtime      # DAGs    # Errors  Last Runtime    Last Run
--------------------------------  -----  ---------  --------  ----------  --------------  -------------------
/opt/airflow/dags/etl_geocode.py                           1           0  0.38s           2026-03-05T03:49:55
================================================================================
[2026-03-05T03:50:38.845+0000] {manager.py:878} INFO - 
================================================================================
DAG File Processing Stats

File Path                         PID    Runtime      # DAGs    # Errors  Last Runtime    Last Run
--------------------------------  -----  ---------  --------  ----------  --------------  -------------------
/opt/airflow/dags/etl_geocode.py                           1           0  0.50s           2026-03-05T03:50:25
================================================================================
[2026-03-05T03:51:09.239+0000] {manager.py:878} INFO - 
================================================================================
DAG File Processing Stats

File Path                         PID    Runtime      # DAGs    # Errors  Last Runtime    Last Run
--------------------------------  -----  ---------  --------  ----------  --------------  -------------------
/opt/airflow/dags/etl_geocode.py                           1           0  0.49s           2026-03-05T03:50:56
================================================================================
[2026-03-05T03:51:32.153+0000] {manager.py:737} INFO - Searching for files in /opt/airflow/dags
[2026-03-05T03:51:32.499+0000] {manager.py:740} INFO - There are 1 files in /opt/airflow/dags
[2026-03-05T03:51:39.975+0000] {manager.py:878} INFO - 
================================================================================
DAG File Processing Stats

File Path                         PID    Runtime      # DAGs    # Errors  Last Runtime    Last Run
--------------------------------  -----  ---------  --------  ----------  --------------  -------------------
/opt/airflow/dags/etl_geocode.py                           1           0  0.37s           2026-03-05T03:51:27
================================================================================
[2026-03-05T03:52:10.296+0000] {manager.py:878} INFO - 
================================================================================
DAG File Processing Stats

File Path                         PID    Runtime      # DAGs    # Errors  Last Runtime    Last Run
--------------------------------  -----  ---------  --------  ----------  --------------  -------------------
/opt/airflow/dags/etl_geocode.py                           1           0  0.31s           2026-03-05T03:51:57
================================================================================
[2026-03-05T03:52:40.813+0000] {manager.py:878} INFO - 
================================================================================
DAG File Processing Stats

File Path                         PID    Runtime      # DAGs    # Errors  Last Runtime    Last Run
--------------------------------  -----  ---------  --------  ----------  --------------  -------------------
/opt/airflow/dags/etl_geocode.py                           1           0  0.24s           2026-03-05T03:52:27
================================================================================
[2026-03-05T03:53:11.116+0000] {manager.py:878} INFO - 
================================================================================
DAG File Processing Stats

File Path                         PID    Runtime      # DAGs    # Errors  Last Runtime    Last Run
--------------------------------  -----  ---------  --------  ----------  --------------  -------------------
/opt/airflow/dags/etl_geocode.py                           1           0  0.22s           2026-03-05T03:52:58
================================================================================
[2026-03-05T03:53:41.569+0000] {manager.py:878} INFO - 
================================================================================
DAG File Processing Stats

File Path                         PID    Runtime      # DAGs    # Errors  Last Runtime    Last Run
--------------------------------  -----  ---------  --------  ----------  --------------  -------------------
/opt/airflow/dags/etl_geocode.py                           1           0  0.24s           2026-03-05T03:53:28
================================================================================
[2026-03-05T03:54:12.201+0000] {manager.py:878} INFO - 
================================================================================
DAG File Processing Stats

File Path                         PID    Runtime      # DAGs    # Errors  Last Runtime    Last Run
--------------------------------  -----  ---------  --------  ----------  --------------  -------------------
/opt/airflow/dags/etl_geocode.py                           1           0  0.60s           2026-03-05T03:53:59
================================================================================
[2026-03-05T03:54:42.722+0000] {manager.py:878} INFO - 
================================================================================
DAG File Processing Stats

File Path                         PID    Runtime      # DAGs    # Errors  Last Runtime    Last Run
--------------------------------  -----  ---------  --------  ----------  --------------  -------------------
/opt/airflow/dags/etl_geocode.py                           1           0  1.33s           2026-03-05T03:54:30
================================================================================
[2026-03-05T03:55:13.313+0000] {manager.py:878} INFO - 
================================================================================
DAG File Processing Stats

File Path                         PID    Runtime      # DAGs    # Errors  Last Runtime    Last Run
--------------------------------  -----  ---------  --------  ----------  --------------  -------------------
/opt/airflow/dags/etl_geocode.py                           1           0  0.40s           2026-03-05T03:55:01
================================================================================
[2026-03-05T03:55:43.947+0000] {manager.py:878} INFO - 
================================================================================
DAG File Processing Stats

File Path                         PID    Runtime      # DAGs    # Errors  Last Runtime    Last Run
--------------------------------  -----  ---------  --------  ----------  --------------  -------------------
/opt/airflow/dags/etl_geocode.py                           1           0  0.24s           2026-03-05T03:55:32
================================================================================
[2026-03-05T03:56:14.408+0000] {manager.py:878} INFO - 
================================================================================
DAG File Processing Stats

File Path                         PID    Runtime      # DAGs    # Errors  Last Runtime    Last Run
--------------------------------  -----  ---------  --------  ----------  --------------  -------------------
/opt/airflow/dags/etl_geocode.py                           1           0  0.22s           2026-03-05T03:56:02
================================================================================
[2026-03-05T03:56:32.548+0000] {manager.py:737} INFO - Searching for files in /opt/airflow/dags
[2026-03-05T03:56:32.608+0000] {manager.py:740} INFO - There are 1 files in /opt/airflow/dags
[2026-03-05T03:56:44.805+0000] {manager.py:878} INFO - 
================================================================================
DAG File Processing Stats

File Path                         PID    Runtime      # DAGs    # Errors  Last Runtime    Last Run
--------------------------------  -----  ---------  --------  ----------  --------------  -------------------
/opt/airflow/dags/etl_geocode.py                           1           0  0.27s           2026-03-05T03:56:32
================================================================================
[2026-03-05T03:56:59.170+0000] {manager.py:452} INFO - Exiting gracefully upon receiving signal 15
[2026-03-05T03:58:44.496+0000] {manager.py:470} INFO - Processing files using up to 2 processes at a time 
[2026-03-05T03:58:44.501+0000] {manager.py:471} INFO - Process each file at most once every 30 seconds
[2026-03-05T03:58:44.515+0000] {manager.py:472} INFO - Checking for new files in /opt/airflow/dags every 300 seconds
[2026-03-05T03:58:44.529+0000] {manager.py:737} INFO - Searching for files in /opt/airflow/dags
[2026-03-05T03:58:44.586+0000] {manager.py:740} INFO - There are 1 files in /opt/airflow/dags
[2026-03-05T03:58:45.758+0000] {manager.py:878} INFO - 
================================================================================
DAG File Processing Stats

File Path                           PID  Runtime      # DAGs    # Errors  Last Runtime    Last Run
--------------------------------  -----  ---------  --------  ----------  --------------  ----------
/opt/airflow/dags/etl_geocode.py    165  0.56s             0           0
================================================================================
[2026-03-05T03:59:16.447+0000] {manager.py:878} INFO - 
================================================================================
DAG File Processing Stats

File Path                         PID    Runtime      # DAGs    # Errors  Last Runtime    Last Run
--------------------------------  -----  ---------  --------  ----------  --------------  -------------------
/opt/airflow/dags/etl_geocode.py                           1           0  2.21s           2026-03-05T03:58:47
================================================================================
[2026-03-05T03:59:46.682+0000] {manager.py:878} INFO - 
================================================================================
DAG File Processing Stats

File Path                         PID    Runtime      # DAGs    # Errors  Last Runtime    Last Run
--------------------------------  -----  ---------  --------  ----------  --------------  -------------------
/opt/airflow/dags/etl_geocode.py                           1           0  0.91s           2026-03-05T03:59:18
================================================================================
[2026-03-05T04:00:16.975+0000] {manager.py:878} INFO - 
================================================================================
DAG File Processing Stats

File Path                         PID    Runtime      # DAGs    # Errors  Last Runtime    Last Run
--------------------------------  -----  ---------  --------  ----------  --------------  -------------------
/opt/airflow/dags/etl_geocode.py                           1           0  0.35s           2026-03-05T03:59:49
================================================================================
[2026-03-05T04:00:47.532+0000] {manager.py:878} INFO - 
================================================================================
DAG File Processing Stats

File Path                         PID    Runtime      # DAGs    # Errors  Last Runtime    Last Run
--------------------------------  -----  ---------  --------  ----------  --------------  -------------------
/opt/airflow/dags/etl_geocode.py                           1           0  0.29s           2026-03-05T04:00:19
================================================================================
[2026-03-05T04:01:17.898+0000] {manager.py:878} INFO - 
================================================================================
DAG File Processing Stats

File Path                         PID    Runtime      # DAGs    # Errors  Last Runtime    Last Run
--------------------------------  -----  ---------  --------  ----------  --------------  -------------------
/opt/airflow/dags/etl_geocode.py                           1           0  0.59s           2026-03-05T04:00:50
================================================================================
[2026-03-05T04:01:48.624+0000] {manager.py:878} INFO - 
================================================================================
DAG File Processing Stats

File Path                         PID    Runtime      # DAGs    # Errors  Last Runtime    Last Run
--------------------------------  -----  ---------  --------  ----------  --------------  -------------------
/opt/airflow/dags/etl_geocode.py                           1           0  0.44s           2026-03-05T04:01:21
================================================================================
[2026-03-05T04:02:18.977+0000] {manager.py:878} INFO - 
================================================================================
DAG File Processing Stats

File Path                         PID    Runtime      # DAGs    # Errors  Last Runtime    Last Run
--------------------------------  -----  ---------  --------  ----------  --------------  -------------------
/opt/airflow/dags/etl_geocode.py                           1           0  0.62s           2026-03-05T04:01:52
================================================================================
[2026-03-05T04:02:49.210+0000] {manager.py:878} INFO - 
================================================================================
DAG File Processing Stats

File Path                         PID    Runtime      # DAGs    # Errors  Last Runtime    Last Run
--------------------------------  -----  ---------  --------  ----------  --------------  -------------------
/opt/airflow/dags/etl_geocode.py                           1           0  0.27s           2026-03-05T04:02:44
================================================================================
[2026-03-05T04:03:19.544+0000] {manager.py:878} INFO - 
================================================================================
DAG File Processing Stats

File Path                         PID    Runtime      # DAGs    # Errors  Last Runtime    Last Run
--------------------------------  -----  ---------  --------  ----------  --------------  -------------------
/opt/airflow/dags/etl_geocode.py                           1           0  0.41s           2026-03-05T04:03:18
================================================================================
[2026-03-05T04:03:44.721+0000] {manager.py:737} INFO - Searching for files in /opt/airflow/dags
[2026-03-05T04:03:44.750+0000] {manager.py:740} INFO - There are 1 files in /opt/airflow/dags
[2026-03-05T04:03:49.842+0000] {manager.py:878} INFO - 
================================================================================
DAG File Processing Stats

File Path                         PID    Runtime      # DAGs    # Errors  Last Runtime    Last Run
--------------------------------  -----  ---------  --------  ----------  --------------  -------------------
/opt/airflow/dags/etl_geocode.py                           1           0  0.73s           2026-03-05T04:03:23
================================================================================
[2026-03-05T04:04:20.373+0000] {manager.py:878} INFO - 
================================================================================
DAG File Processing Stats

File Path                         PID    Runtime      # DAGs    # Errors  Last Runtime    Last Run
--------------------------------  -----  ---------  --------  ----------  --------------  -------------------
/opt/airflow/dags/etl_geocode.py                           1           0  0.22s           2026-03-05T04:04:16
================================================================================
[2026-03-05T04:04:51.136+0000] {manager.py:878} INFO - 
================================================================================
DAG File Processing Stats

File Path                         PID    Runtime      # DAGs    # Errors  Last Runtime    Last Run
--------------------------------  -----  ---------  --------  ----------  --------------  -------------------
/opt/airflow/dags/etl_geocode.py                           1           0  0.29s           2026-03-05T04:04:24
================================================================================
[2026-03-05T04:05:21.399+0000] {manager.py:878} INFO - 
================================================================================
DAG File Processing Stats

File Path                         PID    Runtime      # DAGs    # Errors  Last Runtime    Last Run
--------------------------------  -----  ---------  --------  ----------  --------------  -------------------
/opt/airflow/dags/etl_geocode.py                           1           0  0.41s           2026-03-05T04:04:55
================================================================================
[2026-03-05T04:05:52.117+0000] {manager.py:878} INFO - 
================================================================================
DAG File Processing Stats

File Path                         PID    Runtime      # DAGs    # Errors  Last Runtime    Last Run
--------------------------------  -----  ---------  --------  ----------  --------------  -------------------
/opt/airflow/dags/etl_geocode.py                           1           0  0.20s           2026-03-05T04:05:26
================================================================================
[2026-03-05T04:06:22.445+0000] {manager.py:878} INFO - 
================================================================================
DAG File Processing Stats

File Path                         PID    Runtime      # DAGs    # Errors  Last Runtime    Last Run
--------------------------------  -----  ---------  --------  ----------  --------------  -------------------
/opt/airflow/dags/etl_geocode.py                           1           0  0.31s           2026-03-05T04:05:56
================================================================================
[2026-03-05T04:06:52.961+0000] {manager.py:878} INFO - 
================================================================================
DAG File Processing Stats

File Path                         PID    Runtime      # DAGs    # Errors  Last Runtime    Last Run
--------------------------------  -----  ---------  --------  ----------  --------------  -------------------
/opt/airflow/dags/etl_geocode.py                           1           0  0.31s           2026-03-05T04:06:26
================================================================================
[2026-03-05T04:07:23.293+0000] {manager.py:878} INFO - 
================================================================================
DAG File Processing Stats

File Path                         PID    Runtime      # DAGs    # Errors  Last Runtime    Last Run
--------------------------------  -----  ---------  --------  ----------  --------------  -------------------
/opt/airflow/dags/etl_geocode.py                           1           0  0.37s           2026-03-05T04:06:57
================================================================================
[2026-03-05T04:07:53.869+0000] {manager.py:878} INFO - 
================================================================================
DAG File Processing Stats

File Path                         PID    Runtime      # DAGs    # Errors  Last Runtime    Last Run
--------------------------------  -----  ---------  --------  ----------  --------------  -------------------
/opt/airflow/dags/etl_geocode.py                           1           0  0.32s           2026-03-05T04:07:27
================================================================================
[2026-03-05T04:08:24.385+0000] {manager.py:878} INFO - 
================================================================================
DAG File Processing Stats

File Path                         PID    Runtime      # DAGs    # Errors  Last Runtime    Last Run
--------------------------------  -----  ---------  --------  ----------  --------------  -------------------
/opt/airflow/dags/etl_geocode.py                           1           0  0.29s           2026-03-05T04:07:58
================================================================================
[2026-03-05T04:08:44.836+0000] {manager.py:737} INFO - Searching for files in /opt/airflow/dags
[2026-03-05T04:08:44.890+0000] {manager.py:740} INFO - There are 1 files in /opt/airflow/dags
[2026-03-05T04:08:55.036+0000] {manager.py:878} INFO - 
================================================================================
DAG File Processing Stats

File Path                         PID    Runtime      # DAGs    # Errors  Last Runtime    Last Run
--------------------------------  -----  ---------  --------  ----------  --------------  -------------------
/opt/airflow/dags/etl_geocode.py                           1           0  0.40s           2026-03-05T04:08:29
================================================================================
[2026-03-05T04:09:25.570+0000] {manager.py:878} INFO - 
================================================================================
DAG File Processing Stats

File Path                         PID    Runtime      # DAGs    # Errors  Last Runtime    Last Run
--------------------------------  -----  ---------  --------  ----------  --------------  -------------------
/opt/airflow/dags/etl_geocode.py                           1           0  0.20s           2026-03-05T04:08:59
================================================================================
[2026-03-05T04:09:55.941+0000] {manager.py:878} INFO - 
================================================================================
DAG File Processing Stats

File Path                         PID    Runtime      # DAGs    # Errors  Last Runtime    Last Run
--------------------------------  -----  ---------  --------  ----------  --------------  -------------------
/opt/airflow/dags/etl_geocode.py                           1           0  0.29s           2026-03-05T04:09:47
================================================================================
[2026-03-05T04:10:26.289+0000] {manager.py:878} INFO - 
================================================================================
DAG File Processing Stats

File Path                         PID    Runtime      # DAGs    # Errors  Last Runtime    Last Run
--------------------------------  -----  ---------  --------  ----------  --------------  -------------------
/opt/airflow/dags/etl_geocode.py                           1           0  0.24s           2026-03-05T04:10:18
================================================================================
[2026-03-05T04:10:56.710+0000] {manager.py:878} INFO - 
================================================================================
DAG File Processing Stats

File Path                         PID    Runtime      # DAGs    # Errors  Last Runtime    Last Run
--------------------------------  -----  ---------  --------  ----------  --------------  -------------------
/opt/airflow/dags/etl_geocode.py                           1           0  0.38s           2026-03-05T04:10:48
================================================================================
[2026-03-05T04:11:27.181+0000] {manager.py:878} INFO - 
================================================================================
DAG File Processing Stats

File Path                         PID    Runtime      # DAGs    # Errors  Last Runtime    Last Run
--------------------------------  -----  ---------  --------  ----------  --------------  -------------------
/opt/airflow/dags/etl_geocode.py                           1           0  0.24s           2026-03-05T04:11:19
================================================================================
[2026-03-05T04:11:57.434+0000] {manager.py:878} INFO - 
================================================================================
DAG File Processing Stats

File Path                         PID    Runtime      # DAGs    # Errors  Last Runtime    Last Run
--------------------------------  -----  ---------  --------  ----------  --------------  -------------------
/opt/airflow/dags/etl_geocode.py                           1           0  0.19s           2026-03-05T04:11:49
================================================================================
[2026-03-05T04:12:27.821+0000] {manager.py:878} INFO - 
================================================================================
DAG File Processing Stats

File Path                         PID    Runtime      # DAGs    # Errors  Last Runtime    Last Run
--------------------------------  -----  ---------  --------  ----------  --------------  -------------------
/opt/airflow/dags/etl_geocode.py                           1           0  0.36s           2026-03-05T04:12:19
================================================================================
[2026-03-05T04:12:58.309+0000] {manager.py:878} INFO - 
================================================================================
DAG File Processing Stats

File Path                         PID    Runtime      # DAGs    # Errors  Last Runtime    Last Run
--------------------------------  -----  ---------  --------  ----------  --------------  -------------------
/opt/airflow/dags/etl_geocode.py                           1           0  0.24s           2026-03-05T04:12:50
================================================================================
[2026-03-05T04:13:28.618+0000] {manager.py:878} INFO - 
================================================================================
DAG File Processing Stats

File Path                         PID    Runtime      # DAGs    # Errors  Last Runtime    Last Run
--------------------------------  -----  ---------  --------  ----------  --------------  -------------------
/opt/airflow/dags/etl_geocode.py                           1           0  0.60s           2026-03-05T04:13:21
================================================================================
[2026-03-05T04:13:45.289+0000] {manager.py:737} INFO - Searching for files in /opt/airflow/dags
[2026-03-05T04:13:45.338+0000] {manager.py:740} INFO - There are 1 files in /opt/airflow/dags
[2026-03-05T04:13:58.856+0000] {manager.py:878} INFO - 
================================================================================
DAG File Processing Stats

File Path                         PID    Runtime      # DAGs    # Errors  Last Runtime    Last Run
--------------------------------  -----  ---------  --------  ----------  --------------  -------------------
/opt/airflow/dags/etl_geocode.py                           1           0  0.35s           2026-03-05T04:13:51
================================================================================
[2026-03-05T04:14:29.090+0000] {manager.py:878} INFO - 
================================================================================
DAG File Processing Stats

File Path                         PID    Runtime      # DAGs    # Errors  Last Runtime    Last Run
--------------------------------  -----  ---------  --------  ----------  --------------  -------------------
/opt/airflow/dags/etl_geocode.py                           1           0  0.36s           2026-03-05T04:14:22
================================================================================
[2026-03-05T04:14:59.104+0000] {manager.py:878} INFO - 
================================================================================
DAG File Processing Stats

File Path                         PID    Runtime      # DAGs    # Errors  Last Runtime    Last Run
--------------------------------  -----  ---------  --------  ----------  --------------  -------------------
/opt/airflow/dags/etl_geocode.py                           1           0  1.47s           2026-03-05T04:14:54
================================================================================
[2026-03-05T04:15:29.402+0000] {manager.py:878} INFO - 
================================================================================
DAG File Processing Stats

File Path                         PID    Runtime      # DAGs    # Errors  Last Runtime    Last Run
--------------------------------  -----  ---------  --------  ----------  --------------  -------------------
/opt/airflow/dags/etl_geocode.py                           1           0  0.33s           2026-03-05T04:15:24
================================================================================
[2026-03-05T04:16:00.106+0000] {manager.py:878} INFO - 
================================================================================
DAG File Processing Stats

File Path                         PID    Runtime      # DAGs    # Errors  Last Runtime    Last Run
--------------------------------  -----  ---------  --------  ----------  --------------  -------------------
/opt/airflow/dags/etl_geocode.py                           1           0  0.26s           2026-03-05T04:15:55
================================================================================
[2026-03-05T04:16:30.189+0000] {manager.py:878} INFO - 
================================================================================
DAG File Processing Stats

File Path                         PID    Runtime      # DAGs    # Errors  Last Runtime    Last Run
--------------------------------  -----  ---------  --------  ----------  --------------  -------------------
/opt/airflow/dags/etl_geocode.py                           1           0  0.33s           2026-03-05T04:16:04
================================================================================
[2026-03-05T04:17:00.482+0000] {manager.py:878} INFO - 
================================================================================
DAG File Processing Stats

File Path                         PID    Runtime      # DAGs    # Errors  Last Runtime    Last Run
--------------------------------  -----  ---------  --------  ----------  --------------  -------------------
/opt/airflow/dags/etl_geocode.py                           1           0  1.26s           2026-03-05T04:16:36
================================================================================
[2026-03-05T04:17:31.014+0000] {manager.py:878} INFO - 
================================================================================
DAG File Processing Stats

File Path                         PID    Runtime      # DAGs    # Errors  Last Runtime    Last Run
--------------------------------  -----  ---------  --------  ----------  --------------  -------------------
/opt/airflow/dags/etl_geocode.py                           1           0  0.26s           2026-03-05T04:17:07
================================================================================
[2026-03-05T04:18:01.500+0000] {manager.py:878} INFO - 
================================================================================
DAG File Processing Stats

File Path                         PID    Runtime      # DAGs    # Errors  Last Runtime    Last Run
--------------------------------  -----  ---------  --------  ----------  --------------  -------------------
/opt/airflow/dags/etl_geocode.py                           1           0  0.22s           2026-03-05T04:17:37
================================================================================
[2026-03-05T04:18:31.789+0000] {manager.py:878} INFO - 
================================================================================
DAG File Processing Stats

File Path                         PID    Runtime      # DAGs    # Errors  Last Runtime    Last Run
--------------------------------  -----  ---------  --------  ----------  --------------  -------------------
/opt/airflow/dags/etl_geocode.py                           1           0  0.17s           2026-03-05T04:18:07
================================================================================
[2026-03-05T04:18:46.018+0000] {manager.py:737} INFO - Searching for files in /opt/airflow/dags
[2026-03-05T04:18:46.056+0000] {manager.py:740} INFO - There are 1 files in /opt/airflow/dags
[2026-03-05T04:19:02.220+0000] {manager.py:878} INFO - 
================================================================================
DAG File Processing Stats

File Path                         PID    Runtime      # DAGs    # Errors  Last Runtime    Last Run
--------------------------------  -----  ---------  --------  ----------  --------------  -------------------
/opt/airflow/dags/etl_geocode.py                           1           0  0.23s           2026-03-05T04:18:38
================================================================================
[2026-03-05T04:19:32.493+0000] {manager.py:878} INFO - 
================================================================================
DAG File Processing Stats

File Path                         PID    Runtime      # DAGs    # Errors  Last Runtime    Last Run
--------------------------------  -----  ---------  --------  ----------  --------------  -------------------
/opt/airflow/dags/etl_geocode.py                           1           0  0.29s           2026-03-05T04:19:19
================================================================================
[2026-03-05T04:20:02.508+0000] {manager.py:878} INFO - 
================================================================================
DAG File Processing Stats

File Path                         PID    Runtime      # DAGs    # Errors  Last Runtime    Last Run
--------------------------------  -----  ---------  --------  ----------  --------------  -------------------
/opt/airflow/dags/etl_geocode.py                           1           0  0.81s           2026-03-05T04:19:50
================================================================================
[2026-03-05T04:20:32.638+0000] {manager.py:878} INFO - 
================================================================================
DAG File Processing Stats

File Path                         PID    Runtime      # DAGs    # Errors  Last Runtime    Last Run
--------------------------------  -----  ---------  --------  ----------  --------------  -------------------
/opt/airflow/dags/etl_geocode.py                           1           0  0.32s           2026-03-05T04:20:32
================================================================================
[2026-03-05T04:21:02.861+0000] {manager.py:878} INFO - 
================================================================================
DAG File Processing Stats

File Path                           PID  Runtime      # DAGs    # Errors  Last Runtime    Last Run
--------------------------------  -----  ---------  --------  ----------  --------------  -------------------
/opt/airflow/dags/etl_geocode.py    525  0.01s             1           0  0.32s           2026-03-05T04:20:32
================================================================================
[2026-03-05T04:21:33.123+0000] {manager.py:878} INFO - 
================================================================================
DAG File Processing Stats

File Path                         PID    Runtime      # DAGs    # Errors  Last Runtime    Last Run
--------------------------------  -----  ---------  --------  ----------  --------------  -------------------
/opt/airflow/dags/etl_geocode.py                           1           0  0.27s           2026-03-05T04:21:03
================================================================================
[2026-03-05T04:22:03.634+0000] {manager.py:878} INFO - 
================================================================================
DAG File Processing Stats

File Path                           PID  Runtime      # DAGs    # Errors  Last Runtime    Last Run
--------------------------------  -----  ---------  --------  ----------  --------------  -------------------
/opt/airflow/dags/etl_geocode.py    535  0.01s             1           0  0.22s           2026-03-05T04:21:33
================================================================================
[2026-03-05T04:22:34.036+0000] {manager.py:878} INFO - 
================================================================================
DAG File Processing Stats

File Path                           PID  Runtime      # DAGs    # Errors  Last Runtime    Last Run
--------------------------------  -----  ---------  --------  ----------  --------------  -------------------
/opt/airflow/dags/etl_geocode.py    540  0.01s             1           0  0.25s           2026-03-05T04:22:03
================================================================================
[2026-03-05T04:23:04.376+0000] {manager.py:878} INFO - 
================================================================================
DAG File Processing Stats

File Path                           PID  Runtime      # DAGs    # Errors  Last Runtime    Last Run
--------------------------------  -----  ---------  --------  ----------  --------------  -------------------
/opt/airflow/dags/etl_geocode.py    545  0.02s             1           0  0.24s           2026-03-05T04:22:34
================================================================================
[2026-03-05T04:23:34.743+0000] {manager.py:878} INFO - 
================================================================================
DAG File Processing Stats

File Path                           PID  Runtime      # DAGs    # Errors  Last Runtime    Last Run
--------------------------------  -----  ---------  --------  ----------  --------------  -------------------
/opt/airflow/dags/etl_geocode.py    550  0.01s             1           0  0.30s           2026-03-05T04:23:04
================================================================================
[2026-03-05T04:23:46.020+0000] {manager.py:737} INFO - Searching for files in /opt/airflow/dags
[2026-03-05T04:23:46.061+0000] {manager.py:740} INFO - There are 1 files in /opt/airflow/dags
[2026-03-05T04:24:05.173+0000] {manager.py:878} INFO - 
================================================================================
DAG File Processing Stats

File Path                           PID  Runtime      # DAGs    # Errors  Last Runtime    Last Run
--------------------------------  -----  ---------  --------  ----------  --------------  -------------------
/opt/airflow/dags/etl_geocode.py    555  0.02s             1           0  0.20s           2026-03-05T04:23:34
================================================================================
[2026-03-05T04:24:35.521+0000] {manager.py:878} INFO - 
================================================================================
DAG File Processing Stats

File Path                           PID  Runtime      # DAGs    # Errors  Last Runtime    Last Run
--------------------------------  -----  ---------  --------  ----------  --------------  -------------------
/opt/airflow/dags/etl_geocode.py    560  0.01s             1           0  0.26s           2026-03-05T04:24:05
================================================================================
[2026-03-05T04:25:05.926+0000] {manager.py:878} INFO - 
================================================================================
DAG File Processing Stats

File Path                           PID  Runtime      # DAGs    # Errors  Last Runtime    Last Run
--------------------------------  -----  ---------  --------  ----------  --------------  -------------------
/opt/airflow/dags/etl_geocode.py    565  0.01s             1           0  0.22s           2026-03-05T04:24:35
================================================================================
[2026-03-05T04:25:36.241+0000] {manager.py:878} INFO - 
================================================================================
DAG File Processing Stats

File Path                           PID  Runtime      # DAGs    # Errors  Last Runtime    Last Run
--------------------------------  -----  ---------  --------  ----------  --------------  -------------------
/opt/airflow/dags/etl_geocode.py    570  0.01s             1           0  0.21s           2026-03-05T04:25:06
================================================================================
[2026-03-05T04:26:06.645+0000] {manager.py:878} INFO - 
================================================================================
DAG File Processing Stats

File Path                           PID  Runtime      # DAGs    # Errors  Last Runtime    Last Run
--------------------------------  -----  ---------  --------  ----------  --------------  -------------------
/opt/airflow/dags/etl_geocode.py    575  0.01s             1           0  0.23s           2026-03-05T04:25:36
================================================================================
[2026-03-05T04:26:36.955+0000] {manager.py:878} INFO - 
================================================================================
DAG File Processing Stats

File Path                           PID  Runtime      # DAGs    # Errors  Last Runtime    Last Run
--------------------------------  -----  ---------  --------  ----------  --------------  -------------------
/opt/airflow/dags/etl_geocode.py    580  0.01s             1           0  0.22s           2026-03-05T04:26:06
================================================================================
[2026-03-05T04:27:07.307+0000] {manager.py:878} INFO - 
================================================================================
DAG File Processing Stats

File Path                         PID    Runtime      # DAGs    # Errors  Last Runtime    Last Run
--------------------------------  -----  ---------  --------  ----------  --------------  -------------------
/opt/airflow/dags/etl_geocode.py                           1           0  0.45s           2026-03-05T04:26:37
================================================================================
[2026-03-05T04:27:37.326+0000] {manager.py:878} INFO - 
================================================================================
DAG File Processing Stats

File Path                         PID    Runtime      # DAGs    # Errors  Last Runtime    Last Run
--------------------------------  -----  ---------  --------  ----------  --------------  -------------------
/opt/airflow/dags/etl_geocode.py                           1           0  0.45s           2026-03-05T04:27:08
================================================================================
[2026-03-05T04:27:59.330+0000] {manager.py:452} INFO - Exiting gracefully upon receiving signal 15
