[2026-03-05T03:25:17.851+0000] {local_task_job_runner.py:120} INFO - ::group::Pre task execution logs
[2026-03-05T03:25:19.029+0000] {taskinstance.py:2076} INFO - Dependencies all met for dep_context=non-requeueable deps ti=<TaskInstance: etl_geocode.geocode_etl_task manual__2026-03-05T03:25:11.720332+00:00 [queued]>
[2026-03-05T03:25:19.098+0000] {taskinstance.py:2076} INFO - Dependencies all met for dep_context=requeueable deps ti=<TaskInstance: etl_geocode.geocode_etl_task manual__2026-03-05T03:25:11.720332+00:00 [queued]>
[2026-03-05T03:25:19.100+0000] {taskinstance.py:2306} INFO - Starting attempt 1 of 2
[2026-03-05T03:25:19.165+0000] {taskinstance.py:2330} INFO - Executing <Task(PythonOperator): geocode_etl_task> on 2026-03-05 03:25:11.720332+00:00
[2026-03-05T03:25:19.196+0000] {standard_task_runner.py:63} INFO - Started process 371 to run task
[2026-03-05T03:25:19.213+0000] {standard_task_runner.py:90} INFO - Running: ['***', 'tasks', 'run', 'etl_geocode', 'geocode_etl_task', 'manual__2026-03-05T03:25:11.720332+00:00', '--job-id', '2', '--raw', '--subdir', 'DAGS_FOLDER/etl_geocode.py', '--cfg-path', '/tmp/tmpovix4p5z']
[2026-03-05T03:25:19.219+0000] {standard_task_runner.py:91} INFO - Job 2: Subtask geocode_etl_task
[2026-03-05T03:25:20.367+0000] {task_command.py:426} INFO - Running <TaskInstance: etl_geocode.geocode_etl_task manual__2026-03-05T03:25:11.720332+00:00 [running]> on host 9f88f0c31a36
[2026-03-05T03:25:20.945+0000] {taskinstance.py:2648} INFO - Exporting env vars: AIRFLOW_CTX_DAG_OWNER='***' AIRFLOW_CTX_DAG_ID='etl_geocode' AIRFLOW_CTX_TASK_ID='geocode_etl_task' AIRFLOW_CTX_EXECUTION_DATE='2026-03-05T03:25:11.720332+00:00' AIRFLOW_CTX_TRY_NUMBER='1' AIRFLOW_CTX_DAG_RUN_ID='manual__2026-03-05T03:25:11.720332+00:00'
[2026-03-05T03:25:20.948+0000] {taskinstance.py:430} INFO - ::endgroup::
[2026-03-05T03:25:21.163+0000] {logging_mixin.py:188} INFO - Memulai ekstraksi data...
[2026-03-05T03:25:21.164+0000] {logging_mixin.py:188} INFO - Memulai proses enrichment (Geocoding)...
[2026-03-05T03:25:21.165+0000] {logging_mixin.py:188} INFO - Menulis hasil ke /opt/***/data/int_test_output/enriched_output.json...
[2026-03-05T03:25:21.178+0000] {taskinstance.py:441} INFO - ::group::Post task execution logs
[2026-03-05T03:25:21.180+0000] {taskinstance.py:2905} ERROR - Task failed with exception
Traceback (most recent call last):
  File "/home/airflow/.local/lib/python3.10/site-packages/airflow/models/taskinstance.py", line 465, in _execute_task
    result = _execute_callable(context=context, **execute_callable_kwargs)
  File "/home/airflow/.local/lib/python3.10/site-packages/airflow/models/taskinstance.py", line 432, in _execute_callable
    return execute_callable(context=context, **execute_callable_kwargs)
  File "/home/airflow/.local/lib/python3.10/site-packages/airflow/models/baseoperator.py", line 400, in wrapper
    return func(self, *args, **kwargs)
  File "/home/airflow/.local/lib/python3.10/site-packages/airflow/operators/python.py", line 235, in execute
    return_value = self.execute_callable()
  File "/home/airflow/.local/lib/python3.10/site-packages/airflow/operators/python.py", line 252, in execute_callable
    return self.python_callable(*self.op_args, **self.op_kwargs)
  File "/opt/airflow/dags/etl_geocode.py", line 37, in run_etl_logic
    write_json(enriched_iterator, output_file)
  File "/opt/airflow/src/utils/writer.py", line 9, in write_json
    json.dump(data, f, indent=4)
  File "/usr/local/lib/python3.10/json/__init__.py", line 179, in dump
    for chunk in iterable:
  File "/usr/local/lib/python3.10/json/encoder.py", line 438, in _iterencode
    o = _default(o)
  File "/usr/local/lib/python3.10/json/encoder.py", line 179, in default
    raise TypeError(f'Object of type {o.__class__.__name__} '
TypeError: Object of type generator is not JSON serializable
[2026-03-05T03:25:22.693+0000] {taskinstance.py:1206} INFO - Marking task as UP_FOR_RETRY. dag_id=etl_geocode, task_id=geocode_etl_task, run_id=manual__2026-03-05T03:25:11.720332+00:00, execution_date=20260305T032511, start_date=20260305T032519, end_date=20260305T032522
[2026-03-05T03:25:22.943+0000] {standard_task_runner.py:110} ERROR - Failed to execute job 2 for task geocode_etl_task (Object of type generator is not JSON serializable; 371)
[2026-03-05T03:25:23.013+0000] {local_task_job_runner.py:240} INFO - Task exited with return code 1
[2026-03-05T03:25:23.066+0000] {taskinstance.py:3498} INFO - 0 downstream tasks scheduled from follow-on schedule check
[2026-03-05T03:25:23.076+0000] {local_task_job_runner.py:222} INFO - ::endgroup::
